<?xml version="1.0" encoding="UTF-8"?>
<!-- Generated by org.testng.reporters.JUnitReportReporter -->
<testsuite hostname="DESKTOP-IMPERIUS" failures="0" tests="2" name="First_TestNG_Program" time="0.008" errors="0" timestamp="2024-06-16T23:46:29 CEST" skipped="0">
  <testcase classname="First_TestNG_Program" name="testcase2" time="0.001"/>
  <system-out/>
  <testcase classname="First_TestNG_Program" name="testcase1" time="0.007"/>
  <system-out/>
</testsuite> <!-- First_TestNG_Program -->
