<?xml version="1.0" encoding="UTF-8"?>
<!-- Generated by org.testng.reporters.JUnitReportReporter -->
<testsuite hostname="DESKTOP-IMPERIUS" failures="0" tests="9" name="Faculty_Placement" time="0.014" errors="0" timestamp="2024-06-18T17:28:09 CEST" skipped="0">
  <testcase classname="Faculty_Placement" name="PlacementLogin" time="0.002"/>
  <system-out/>
  <testcase classname="Faculty_Placement" name="PlacementBrokenlinks" time="0.002"/>
  <system-out/>
  <testcase classname="Faculty_Placement" name="PlacementLogin" time="0.001"/>
  <system-out/>
  <testcase classname="Faculty_Placement" name="FacultyLogin" time="0.001"/>
  <system-out/>
  <testcase classname="Faculty_Placement" name="FacultyLogin" time="0.003"/>
  <system-out/>
  <testcase classname="Faculty_Placement" name="FacultyBrokenlinks" time="0.002"/>
  <system-out/>
  <testcase classname="Faculty_Placement" name="PlacementBrokenlinks" time="0.001"/>
  <system-out/>
  <testcase classname="Faculty_Placement" name="PlacementBrokenlinks" time="0.001"/>
  <system-out/>
  <testcase classname="Faculty_Placement" name="PlacementLogin" time="0.001"/>
  <system-out/>
</testsuite> <!-- Faculty_Placement -->
