<?xml version="1.0" encoding="UTF-8"?>
<!-- Generated by org.testng.reporters.JUnitReportReporter -->
<testsuite hostname="DESKTOP-IMPERIUS" failures="0" tests="2" name="Second_TestNG_Program" time="0.001" errors="0" timestamp="2024-06-16T23:46:29 CEST" skipped="0">
  <testcase classname="Second_TestNG_Program" name="testcase4" time="0.000"/>
  <system-out/>
  <testcase classname="Second_TestNG_Program" name="testcase3" time="0.001"/>
  <system-out/>
</testsuite> <!-- Second_TestNG_Program -->
