<?xml version="1.0" encoding="UTF-8"?>
<!-- Generated by org.testng.reporters.JUnitReportReporter -->
<testsuite hostname="DESKTOP-IMPERIUS" failures="0" tests="3" name="Placement" time="0.003" errors="0" timestamp="2024-06-17T09:43:25 CEST" skipped="0">
  <testcase classname="Placement" name="PlacementLogin" time="0.001"/>
  <system-out/>
  <testcase classname="Placement" name="PlacementLogin" time="0.001"/>
  <system-out/>
  <testcase classname="Placement" name="PlacementBrokenlinks" time="0.001"/>
  <system-out/>
</testsuite> <!-- Placement -->
