<?xml version="1.0" encoding="UTF-8"?>
<!-- Generated by org.testng.reporters.JUnitReportReporter -->
<testsuite hostname="DESKTOP-IMPERIUS" failures="0" tests="3" name="Admission" time="0.007" errors="0" timestamp="2024-06-18T17:28:09 CEST" skipped="0">
  <testcase classname="Admission" name="AdmissionLogin" time="0.005"/>
  <system-out/>
  <testcase classname="Admission" name="AdmissionLogin" time="0.001"/>
  <system-out/>
  <testcase classname="Admission" name="AdmissionBrokenlinks" time="0.001"/>
  <system-out/>
</testsuite> <!-- Admission -->
