<?xml version="1.0" encoding="UTF-8"?>
<!-- Generated by org.testng.reporters.JUnitReportReporter -->
<testsuite hostname="DESKTOP-IMPERIUS" failures="0" tests="4" name="Package_1.Priority" time="0.004" errors="0" timestamp="2024-06-18T17:20:49 CEST" skipped="0">
  <testcase classname="Package_1.Priority" name="FacultyLogin" time="0.001"/>
  <system-out/>
  <testcase classname="Package_1.Priority" name="FacultyBrokenlinks" time="0.001"/>
  <system-out/>
  <testcase classname="Package_1.Priority" name="PlacementLogin" time="0.001"/>
  <system-out/>
  <testcase classname="Package_1.Priority" name="PlacementBrokenlinks" time="0.001"/>
  <system-out/>
</testsuite> <!-- Package_1.Priority -->
