<?xml version="1.0" encoding="UTF-8"?>
<!-- Generated by org.testng.reporters.JUnitReportReporter -->
<testsuite hostname="DESKTOP-IMPERIUS" failures="0" tests="2" name="Package_1.Subject" time="0.002" errors="0" timestamp="2024-06-18T17:28:09 CEST" skipped="0">
  <testcase classname="Package_1.Subject" name="SubjectBrokenlinks" time="0.001"/>
  <system-out/>
  <testcase classname="Package_1.Subject" name="SubjectLogin" time="0.001"/>
  <system-out/>
</testsuite> <!-- Package_1.Subject -->
